27/09/2017 13:53:53 devpinoyLogger fill in Username
27/09/2017 13:53:56 devpinoyLogger fill in password
27/09/2017 13:54:16 devpinoyLogger login successfully
27/09/2017 13:54:25 devpinoyLogger open new email
27/09/2017 13:54:26 devpinoyLogger input in receiver
27/09/2017 13:54:26 devpinoyLogger input in subject
27/09/2017 13:54:26 devpinoyLogger close email
27/09/2017 13:54:27 devpinoyLogger open recent draft email
27/09/2017 13:54:27 devpinoyLogger get Email Title
27/09/2017 13:54:41 devpinoyLogger fill in Username
27/09/2017 13:54:44 devpinoyLogger fill in password
27/09/2017 13:54:59 devpinoyLogger login successfully
27/09/2017 13:55:05 devpinoyLogger open new email
27/09/2017 13:55:06 devpinoyLogger input in receiver
27/09/2017 13:55:06 devpinoyLogger input in subject
27/09/2017 13:55:06 devpinoyLogger get current Email Number
27/09/2017 13:55:06 devpinoyLogger send email
27/09/2017 13:55:08 devpinoyLogger waiting for sending email successfully
27/09/2017 13:55:09 devpinoyLogger open recent email
27/09/2017 13:55:09 devpinoyLogger get Email Title
27/09/2017 13:55:17 devpinoyLogger fill in Username
27/09/2017 13:55:20 devpinoyLogger fill in password
27/09/2017 13:55:27 devpinoyLogger login successfully
27/09/2017 13:55:32 devpinoyLogger open new email
27/09/2017 13:55:32 devpinoyLogger input in receiver
27/09/2017 13:55:33 devpinoyLogger input in subject
27/09/2017 13:55:38 devpinoyLogger attach file
27/09/2017 13:55:39 devpinoyLogger get current Email Number
27/09/2017 13:55:39 devpinoyLogger send email
27/09/2017 13:55:43 devpinoyLogger waiting for sending email successfully
27/09/2017 13:55:44 devpinoyLogger open recent email
27/09/2017 13:55:44 devpinoyLogger get Email Title
